[2023-12-01 08:44:32] local.ERROR: SQLSTATE[22007]: Invalid datetime format: 1366 Incorrect decimal value: 'Rp 5.000' for column `laravel`.`purchases`.`price` at row 1 (SQL: insert into `purchases` (`name`, `category_id`, `supplier_id`, `price`, `quantity`, `expiry_date`, `image`, `updated_at`, `created_at`) values (Sanmol, 1, 1, Rp 5.000, 30, 2027-06-29, ?, 2023-12-01 08:44:32, 2023-12-01 08:44:32)) {"userId":1,"exception":"[object] (Illuminate\\Database\\QueryException(code: 22007): SQLSTATE[22007]: Invalid datetime format: 1366 Incorrect decimal value: 'Rp 5.000' for column `laravel`.`purchases`.`price` at row 1 (SQL: insert into `purchases` (`name`, `category_id`, `supplier_id`, `price`, `quantity`, `expiry_date`, `image`, `updated_at`, `created_at`) values (Sanmol, 1, 1, Rp 5.000, 30, 2027-06-29, ?, 2023-12-01 08:44:32, 2023-12-01 08:44:32)) at C:\\Users\\rshaf_jv5mv1h\\OneDrive\\Dokumen\\Andes Test\\Pharmacy-management-system-laravel\\vendor\\laravel\\framework\\src\\Illuminate\\Database\\Connection.php:712)
[stacktrace]
#0 C:\\Users\\rshaf_jv5mv1h\\OneDrive\\Dokumen\\Andes Test\\Pharmacy-management-system-laravel\\vendor\\laravel\\framework\\src\\Illuminate\\Database\\Connection.php(672): Illuminate\\Database\\Connection->runQueryCallback('insert into `pu...', Array, Object(Closure))
#1 C:\\Users\\rshaf_jv5mv1h\\OneDrive\\Dokumen\\Andes Test\\Pharmacy-management-system-laravel\\vendor\\laravel\\framework\\src\\Illuminate\\Database\\Connection.php(502): Illuminate\\Database\\Connection->run('insert into `pu...', Array, Object(Closure))
#2 C:\\Users\\rshaf_jv5mv1h\\OneDrive\\Dokumen\\Andes Test\\Pharmacy-management-system-laravel\\vendor\\laravel\\framework\\src\\Illuminate\\Database\\Connection.php(454): Illuminate\\Database\\Connection->statement('insert into `pu...', Array)
#3 C:\\Users\\rshaf_jv5mv1h\\OneDrive\\Dokumen\\Andes Test\\Pharmacy-management-system-laravel\\vendor\\laravel\\framework\\src\\Illuminate\\Database\\Query\\Processors\\Processor.php(32): Illuminate\\Database\\Connection->insert('insert into `pu...', Array)
#4 C:\\Users\\rshaf_jv5mv1h\\OneDrive\\Dokumen\\Andes Test\\Pharmacy-management-system-laravel\\vendor\\laravel\\framework\\src\\Illuminate\\Database\\Query\\Builder.php(3028): Illuminate\\Database\\Query\\Processors\\Processor->processInsertGetId(Object(Illuminate\\Database\\Query\\Builder), 'insert into `pu...', Array, 'id')
#5 C:\\Users\\rshaf_jv5mv1h\\OneDrive\\Dokumen\\Andes Test\\Pharmacy-management-system-laravel\\vendor\\laravel\\framework\\src\\Illuminate\\Database\\Eloquent\\Builder.php(1657): Illuminate\\Database\\Query\\Builder->insertGetId(Array, 'id')
#6 C:\\Users\\rshaf_jv5mv1h\\OneDrive\\Dokumen\\Andes Test\\Pharmacy-management-system-laravel\\vendor\\laravel\\framework\\src\\Illuminate\\Database\\Eloquent\\Model.php(1188): Illuminate\\Database\\Eloquent\\Builder->__call('insertGetId', Array)
#7 C:\\Users\\rshaf_jv5mv1h\\OneDrive\\Dokumen\\Andes Test\\Pharmacy-management-system-laravel\\vendor\\laravel\\framework\\src\\Illuminate\\Database\\Eloquent\\Model.php(1153): Illuminate\\Database\\Eloquent\\Model->insertAndSetId(Object(Illuminate\\Database\\Eloquent\\Builder), Array)
#8 C:\\Users\\rshaf_jv5mv1h\\OneDrive\\Dokumen\\Andes Test\\Pharmacy-management-system-laravel\\vendor\\laravel\\framework\\src\\Illuminate\\Database\\Eloquent\\Model.php(994): Illuminate\\Database\\Eloquent\\Model->performInsert(Object(Illuminate\\Database\\Eloquent\\Builder))
#9 C:\\Users\\rshaf_jv5mv1h\\OneDrive\\Dokumen\\Andes Test\\Pharmacy-management-system-laravel\\vendor\\laravel\\framework\\src\\Illuminate\\Database\\Eloquent\\Builder.php(896): Illuminate\\Database\\Eloquent\\Model->save()
#10 C:\\Users\\rshaf_jv5mv1h\\OneDrive\\Dokumen\\Andes Test\\Pharmacy-management-system-laravel\\vendor\\laravel\\framework\\src\\Illuminate\\Support\\helpers.php(263): Illuminate\\Database\\Eloquent\\Builder->Illuminate\\Database\\Eloquent\\{closure}(Object(App\\Models\\Purchase))
#11 C:\\Users\\rshaf_jv5mv1h\\OneDrive\\Dokumen\\Andes Test\\Pharmacy-management-system-laravel\\vendor\\laravel\\framework\\src\\Illuminate\\Database\\Eloquent\\Builder.php(897): tap(Object(App\\Models\\Purchase), Object(Closure))
#12 C:\\Users\\rshaf_jv5mv1h\\OneDrive\\Dokumen\\Andes Test\\Pharmacy-management-system-laravel\\vendor\\laravel\\framework\\src\\Illuminate\\Support\\Traits\\ForwardsCalls.php(23): Illuminate\\Database\\Eloquent\\Builder->create(Array)
#13 C:\\Users\\rshaf_jv5mv1h\\OneDrive\\Dokumen\\Andes Test\\Pharmacy-management-system-laravel\\vendor\\laravel\\framework\\src\\Illuminate\\Database\\Eloquent\\Model.php(2132): Illuminate\\Database\\Eloquent\\Model->forwardCallTo(Object(Illuminate\\Database\\Eloquent\\Builder), 'create', Array)
#14 C:\\Users\\rshaf_jv5mv1h\\OneDrive\\Dokumen\\Andes Test\\Pharmacy-management-system-laravel\\vendor\\laravel\\framework\\src\\Illuminate\\Database\\Eloquent\\Model.php(2144): Illuminate\\Database\\Eloquent\\Model->__call('create', Array)
#15 C:\\Users\\rshaf_jv5mv1h\\OneDrive\\Dokumen\\Andes Test\\Pharmacy-management-system-laravel\\app\\Http\\Controllers\\PurchaseController.php(70): Illuminate\\Database\\Eloquent\\Model::__callStatic('create', Array)
#16 C:\\Users\\rshaf_jv5mv1h\\OneDrive\\Dokumen\\Andes Test\\Pharmacy-management-system-laravel\\vendor\\laravel\\framework\\src\\Illuminate\\Routing\\Controller.php(54): App\\Http\\Controllers\\PurchaseController->store(Object(Illuminate\\Http\\Request))
#17 C:\\Users\\rshaf_jv5mv1h\\OneDrive\\Dokumen\\Andes Test\\Pharmacy-management-system-laravel\\vendor\\laravel\\framework\\src\\Illuminate\\Routing\\ControllerDispatcher.php(45): Illuminate\\Routing\\Controller->callAction('store', Array)
#18 C:\\Users\\rshaf_jv5mv1h\\OneDrive\\Dokumen\\Andes Test\\Pharmacy-management-system-laravel\\vendor\\laravel\\framework\\src\\Illuminate\\Routing\\Route.php(262): Illuminate\\Routing\\ControllerDispatcher->dispatch(Object(Illuminate\\Routing\\Route), Object(App\\Http\\Controllers\\PurchaseController), 'store')
#19 C:\\Users\\rshaf_jv5mv1h\\OneDrive\\Dokumen\\Andes Test\\Pharmacy-management-system-laravel\\vendor\\laravel\\framework\\src\\Illuminate\\Routing\\Route.php(205): Illuminate\\Routing\\Route->runController()
#20 C:\\Users\\rshaf_jv5mv1h\\OneDrive\\Dokumen\\Andes Test\\Pharmacy-management-system-laravel\\vendor\\laravel\\framework\\src\\Illuminate\\Routing\\Router.php(721): Illuminate\\Routing\\Route->run()
#21 C:\\Users\\rshaf_jv5mv1h\\OneDrive\\Dokumen\\Andes Test\\Pharmacy-management-system-laravel\\vendor\\laravel\\framework\\src\\Illuminate\\Pipeline\\Pipeline.php(128): Illuminate\\Routing\\Router->Illuminate\\Routing\\{closure}(Object(Illuminate\\Http\\Request))
#22 C:\\Users\\rshaf_jv5mv1h\\OneDrive\\Dokumen\\Andes Test\\Pharmacy-management-system-laravel\\vendor\\laravel\\framework\\src\\Illuminate\\Routing\\Middleware\\SubstituteBindings.php(50): Illuminate\\Pipeline\\Pipeline->Illuminate\\Pipeline\\{closure}(Object(Illuminate\\Http\\Request))
#23 C:\\Users\\rshaf_jv5mv1h\\OneDrive\\Dokumen\\Andes Test\\Pharmacy-management-system-laravel\\vendor\\laravel\\framework\\src\\Illuminate\\Pipeline\\Pipeline.php(167): Illuminate\\Routing\\Middleware\\SubstituteBindings->handle(Object(Illuminate\\Http\\Request), Object(Closure))
#24 C:\\Users\\rshaf_jv5mv1h\\OneDrive\\Dokumen\\Andes Test\\Pharmacy-management-system-laravel\\vendor\\laravel\\framework\\src\\Illuminate\\Auth\\Middleware\\Authenticate.php(44): Illuminate\\Pipeline\\Pipeline->Illuminate\\Pipeline\\{closure}(Object(Illuminate\\Http\\Request))
#25 C:\\Users\\rshaf_jv5mv1h\\OneDrive\\Dokumen\\Andes Test\\Pharmacy-management-system-laravel\\vendor\\laravel\\framework\\src\\Illuminate\\Pipeline\\Pipeline.php(167): Illuminate\\Auth\\Middleware\\Authenticate->handle(Object(Illuminate\\Http\\Request), Object(Closure))
#26 C:\\Users\\rshaf_jv5mv1h\\OneDrive\\Dokumen\\Andes Test\\Pharmacy-management-system-laravel\\vendor\\laravel\\framework\\src\\Illuminate\\Foundation\\Http\\Middleware\\VerifyCsrfToken.php(78): Illuminate\\Pipeline\\Pipeline->Illuminate\\Pipeline\\{closure}(Object(Illuminate\\Http\\Request))
#27 C:\\Users\\rshaf_jv5mv1h\\OneDrive\\Dokumen\\Andes Test\\Pharmacy-management-system-laravel\\vendor\\laravel\\framework\\src\\Illuminate\\Pipeline\\Pipeline.php(167): Illuminate\\Foundation\\Http\\Middleware\\VerifyCsrfToken->handle(Object(Illuminate\\Http\\Request), Object(Closure))
#28 C:\\Users\\rshaf_jv5mv1h\\OneDrive\\Dokumen\\Andes Test\\Pharmacy-management-system-laravel\\vendor\\laravel\\framework\\src\\Illuminate\\View\\Middleware\\ShareErrorsFromSession.php(49): Illuminate\\Pipeline\\Pipeline->Illuminate\\Pipeline\\{closure}(Object(Illuminate\\Http\\Request))
#29 C:\\Users\\rshaf_jv5mv1h\\OneDrive\\Dokumen\\Andes Test\\Pharmacy-management-system-laravel\\vendor\\laravel\\framework\\src\\Illuminate\\Pipeline\\Pipeline.php(167): Illuminate\\View\\Middleware\\ShareErrorsFromSession->handle(Object(Illuminate\\Http\\Request), Object(Closure))
#30 C:\\Users\\rshaf_jv5mv1h\\OneDrive\\Dokumen\\Andes Test\\Pharmacy-management-system-laravel\\vendor\\laravel\\framework\\src\\Illuminate\\Session\\Middleware\\StartSession.php(121): Illuminate\\Pipeline\\Pipeline->Illuminate\\Pipeline\\{closure}(Object(Illuminate\\Http\\Request))
#31 C:\\Users\\rshaf_jv5mv1h\\OneDrive\\Dokumen\\Andes Test\\Pharmacy-management-system-laravel\\vendor\\laravel\\framework\\src\\Illuminate\\Session\\Middleware\\StartSession.php(64): Illuminate\\Session\\Middleware\\StartSession->handleStatefulRequest(Object(Illuminate\\Http\\Request), Object(Illuminate\\Session\\Store), Object(Closure))
#32 C:\\Users\\rshaf_jv5mv1h\\OneDrive\\Dokumen\\Andes Test\\Pharmacy-management-system-laravel\\vendor\\laravel\\framework\\src\\Illuminate\\Pipeline\\Pipeline.php(167): Illuminate\\Session\\Middleware\\StartSession->handle(Object(Illuminate\\Http\\Request), Object(Closure))
#33 C:\\Users\\rshaf_jv5mv1h\\OneDrive\\Dokumen\\Andes Test\\Pharmacy-management-system-laravel\\vendor\\laravel\\framework\\src\\Illuminate\\Cookie\\Middleware\\AddQueuedCookiesToResponse.php(37): Illuminate\\Pipeline\\Pipeline->Illuminate\\Pipeline\\{closure}(Object(Illuminate\\Http\\Request))
#34 C:\\Users\\rshaf_jv5mv1h\\OneDrive\\Dokumen\\Andes Test\\Pharmacy-management-system-laravel\\vendor\\laravel\\framework\\src\\Illuminate\\Pipeline\\Pipeline.php(167): Illuminate\\Cookie\\Middleware\\AddQueuedCookiesToResponse->handle(Object(Illuminate\\Http\\Request), Object(Closure))
#35 C:\\Users\\rshaf_jv5mv1h\\OneDrive\\Dokumen\\Andes Test\\Pharmacy-management-system-laravel\\vendor\\laravel\\framework\\src\\Illuminate\\Cookie\\Middleware\\EncryptCookies.php(67): Illuminate\\Pipeline\\Pipeline->Illuminate\\Pipeline\\{closure}(Object(Illuminate\\Http\\Request))
#36 C:\\Users\\rshaf_jv5mv1h\\OneDrive\\Dokumen\\Andes Test\\Pharmacy-management-system-laravel\\vendor\\laravel\\framework\\src\\Illuminate\\Pipeline\\Pipeline.php(167): Illuminate\\Cookie\\Middleware\\EncryptCookies->handle(Object(Illuminate\\Http\\Request), Object(Closure))
#37 C:\\Users\\rshaf_jv5mv1h\\OneDrive\\Dokumen\\Andes Test\\Pharmacy-management-system-laravel\\vendor\\laravel\\framework\\src\\Illuminate\\Pipeline\\Pipeline.php(103): Illuminate\\Pipeline\\Pipeline->Illuminate\\Pipeline\\{closure}(Object(Illuminate\\Http\\Request))
#38 C:\\Users\\rshaf_jv5mv1h\\OneDrive\\Dokumen\\Andes Test\\Pharmacy-management-system-laravel\\vendor\\laravel\\framework\\src\\Illuminate\\Routing\\Router.php(723): Illuminate\\Pipeline\\Pipeline->then(Object(Closure))
#39 C:\\Users\\rshaf_jv5mv1h\\OneDrive\\Dokumen\\Andes Test\\Pharmacy-management-system-laravel\\vendor\\laravel\\framework\\src\\Illuminate\\Routing\\Router.php(698): Illuminate\\Routing\\Router->runRouteWithinStack(Object(Illuminate\\Routing\\Route), Object(Illuminate\\Http\\Request))
#40 C:\\Users\\rshaf_jv5mv1h\\OneDrive\\Dokumen\\Andes Test\\Pharmacy-management-system-laravel\\vendor\\laravel\\framework\\src\\Illuminate\\Routing\\Router.php(662): Illuminate\\Routing\\Router->runRoute(Object(Illuminate\\Http\\Request), Object(Illuminate\\Routing\\Route))
#41 C:\\Users\\rshaf_jv5mv1h\\OneDrive\\Dokumen\\Andes Test\\Pharmacy-management-system-laravel\\vendor\\laravel\\framework\\src\\Illuminate\\Routing\\Router.php(651): Illuminate\\Routing\\Router->dispatchToRoute(Object(Illuminate\\Http\\Request))
#42 C:\\Users\\rshaf_jv5mv1h\\OneDrive\\Dokumen\\Andes Test\\Pharmacy-management-system-laravel\\vendor\\laravel\\framework\\src\\Illuminate\\Foundation\\Http\\Kernel.php(167): Illuminate\\Routing\\Router->dispatch(Object(Illuminate\\Http\\Request))
#43 C:\\Users\\rshaf_jv5mv1h\\OneDrive\\Dokumen\\Andes Test\\Pharmacy-management-system-laravel\\vendor\\laravel\\framework\\src\\Illuminate\\Pipeline\\Pipeline.php(128): Illuminate\\Foundation\\Http\\Kernel->Illuminate\\Foundation\\Http\\{closure}(Object(Illuminate\\Http\\Request))
#44 C:\\Users\\rshaf_jv5mv1h\\OneDrive\\Dokumen\\Andes Test\\Pharmacy-management-system-laravel\\vendor\\barryvdh\\laravel-debugbar\\src\\Middleware\\InjectDebugbar.php(66): Illuminate\\Pipeline\\Pipeline->Illuminate\\Pipeline\\{closure}(Object(Illuminate\\Http\\Request))
#45 C:\\Users\\rshaf_jv5mv1h\\OneDrive\\Dokumen\\Andes Test\\Pharmacy-management-system-laravel\\vendor\\laravel\\framework\\src\\Illuminate\\Pipeline\\Pipeline.php(167): Barryvdh\\Debugbar\\Middleware\\InjectDebugbar->handle(Object(Illuminate\\Http\\Request), Object(Closure))
#46 C:\\Users\\rshaf_jv5mv1h\\OneDrive\\Dokumen\\Andes Test\\Pharmacy-management-system-laravel\\vendor\\laravel\\framework\\src\\Illuminate\\Foundation\\Http\\Middleware\\TransformsRequest.php(21): Illuminate\\Pipeline\\Pipeline->Illuminate\\Pipeline\\{closure}(Object(Illuminate\\Http\\Request))
#47 C:\\Users\\rshaf_jv5mv1h\\OneDrive\\Dokumen\\Andes Test\\Pharmacy-management-system-laravel\\vendor\\laravel\\framework\\src\\Illuminate\\Foundation\\Http\\Middleware\\ConvertEmptyStringsToNull.php(31): Illuminate\\Foundation\\Http\\Middleware\\TransformsRequest->handle(Object(Illuminate\\Http\\Request), Object(Closure))
#48 C:\\Users\\rshaf_jv5mv1h\\OneDrive\\Dokumen\\Andes Test\\Pharmacy-management-system-laravel\\vendor\\laravel\\framework\\src\\Illuminate\\Pipeline\\Pipeline.php(167): Illuminate\\Foundation\\Http\\Middleware\\ConvertEmptyStringsToNull->handle(Object(Illuminate\\Http\\Request), Object(Closure))
#49 C:\\Users\\rshaf_jv5mv1h\\OneDrive\\Dokumen\\Andes Test\\Pharmacy-management-system-laravel\\vendor\\laravel\\framework\\src\\Illuminate\\Foundation\\Http\\Middleware\\TransformsRequest.php(21): Illuminate\\Pipeline\\Pipeline->Illuminate\\Pipeline\\{closure}(Object(Illuminate\\Http\\Request))
#50 C:\\Users\\rshaf_jv5mv1h\\OneDrive\\Dokumen\\Andes Test\\Pharmacy-management-system-laravel\\vendor\\laravel\\framework\\src\\Illuminate\\Foundation\\Http\\Middleware\\TrimStrings.php(40): Illuminate\\Foundation\\Http\\Middleware\\TransformsRequest->handle(Object(Illuminate\\Http\\Request), Object(Closure))
#51 C:\\Users\\rshaf_jv5mv1h\\OneDrive\\Dokumen\\Andes Test\\Pharmacy-management-system-laravel\\vendor\\laravel\\framework\\src\\Illuminate\\Pipeline\\Pipeline.php(167): Illuminate\\Foundation\\Http\\Middleware\\TrimStrings->handle(Object(Illuminate\\Http\\Request), Object(Closure))
#52 C:\\Users\\rshaf_jv5mv1h\\OneDrive\\Dokumen\\Andes Test\\Pharmacy-management-system-laravel\\vendor\\laravel\\framework\\src\\Illuminate\\Foundation\\Http\\Middleware\\ValidatePostSize.php(27): Illuminate\\Pipeline\\Pipeline->Illuminate\\Pipeline\\{closure}(Object(Illuminate\\Http\\Request))
#53 C:\\Users\\rshaf_jv5mv1h\\OneDrive\\Dokumen\\Andes Test\\Pharmacy-management-system-laravel\\vendor\\laravel\\framework\\src\\Illuminate\\Pipeline\\Pipeline.php(167): Illuminate\\Foundation\\Http\\Middleware\\ValidatePostSize->handle(Object(Illuminate\\Http\\Request), Object(Closure))
#54 C:\\Users\\rshaf_jv5mv1h\\OneDrive\\Dokumen\\Andes Test\\Pharmacy-management-system-laravel\\vendor\\laravel\\framework\\src\\Illuminate\\Foundation\\Http\\Middleware\\PreventRequestsDuringMaintenance.php(86): Illuminate\\Pipeline\\Pipeline->Illuminate\\Pipeline\\{closure}(Object(Illuminate\\Http\\Request))
#55 C:\\Users\\rshaf_jv5mv1h\\OneDrive\\Dokumen\\Andes Test\\Pharmacy-management-system-laravel\\vendor\\laravel\\framework\\src\\Illuminate\\Pipeline\\Pipeline.php(167): Illuminate\\Foundation\\Http\\Middleware\\PreventRequestsDuringMaintenance->handle(Object(Illuminate\\Http\\Request), Object(Closure))
#56 C:\\Users\\rshaf_jv5mv1h\\OneDrive\\Dokumen\\Andes Test\\Pharmacy-management-system-laravel\\vendor\\fruitcake\\laravel-cors\\src\\HandleCors.php(38): Illuminate\\Pipeline\\Pipeline->Illuminate\\Pipeline\\{closure}(Object(Illuminate\\Http\\Request))
#57 C:\\Users\\rshaf_jv5mv1h\\OneDrive\\Dokumen\\Andes Test\\Pharmacy-management-system-laravel\\vendor\\laravel\\framework\\src\\Illuminate\\Pipeline\\Pipeline.php(167): Fruitcake\\Cors\\HandleCors->handle(Object(Illuminate\\Http\\Request), Object(Closure))
#58 C:\\Users\\rshaf_jv5mv1h\\OneDrive\\Dokumen\\Andes Test\\Pharmacy-management-system-laravel\\vendor\\fideloper\\proxy\\src\\TrustProxies.php(57): Illuminate\\Pipeline\\Pipeline->Illuminate\\Pipeline\\{closure}(Object(Illuminate\\Http\\Request))
#59 C:\\Users\\rshaf_jv5mv1h\\OneDrive\\Dokumen\\Andes Test\\Pharmacy-management-system-laravel\\vendor\\laravel\\framework\\src\\Illuminate\\Pipeline\\Pipeline.php(167): Fideloper\\Proxy\\TrustProxies->handle(Object(Illuminate\\Http\\Request), Object(Closure))
#60 C:\\Users\\rshaf_jv5mv1h\\OneDrive\\Dokumen\\Andes Test\\Pharmacy-management-system-laravel\\vendor\\laravel\\framework\\src\\Illuminate\\Pipeline\\Pipeline.php(103): Illuminate\\Pipeline\\Pipeline->Illuminate\\Pipeline\\{closure}(Object(Illuminate\\Http\\Request))
#61 C:\\Users\\rshaf_jv5mv1h\\OneDrive\\Dokumen\\Andes Test\\Pharmacy-management-system-laravel\\vendor\\laravel\\framework\\src\\Illuminate\\Foundation\\Http\\Kernel.php(142): Illuminate\\Pipeline\\Pipeline->then(Object(Closure))
#62 C:\\Users\\rshaf_jv5mv1h\\OneDrive\\Dokumen\\Andes Test\\Pharmacy-management-system-laravel\\vendor\\laravel\\framework\\src\\Illuminate\\Foundation\\Http\\Kernel.php(111): Illuminate\\Foundation\\Http\\Kernel->sendRequestThroughRouter(Object(Illuminate\\Http\\Request))
#63 C:\\Users\\rshaf_jv5mv1h\\OneDrive\\Dokumen\\Andes Test\\Pharmacy-management-system-laravel\\public\\index.php(52): Illuminate\\Foundation\\Http\\Kernel->handle(Object(Illuminate\\Http\\Request))
#64 C:\\Users\\rshaf_jv5mv1h\\OneDrive\\Dokumen\\Andes Test\\Pharmacy-management-system-laravel\\server.php(21): require_once('C:\\\\Users\\\\rshaf_...')
#65 {main}

[previous exception] [object] (PDOException(code: 22007): SQLSTATE[22007]: Invalid datetime format: 1366 Incorrect decimal value: 'Rp 5.000' for column `laravel`.`purchases`.`price` at row 1 at C:\\Users\\rshaf_jv5mv1h\\OneDrive\\Dokumen\\Andes Test\\Pharmacy-management-system-laravel\\vendor\\laravel\\framework\\src\\Illuminate\\Database\\Connection.php:501)
[stacktrace]
#0 C:\\Users\\rshaf_jv5mv1h\\OneDrive\\Dokumen\\Andes Test\\Pharmacy-management-system-laravel\\vendor\\laravel\\framework\\src\\Illuminate\\Database\\Connection.php(501): PDOStatement->execute()
#1 C:\\Users\\rshaf_jv5mv1h\\OneDrive\\Dokumen\\Andes Test\\Pharmacy-management-system-laravel\\vendor\\laravel\\framework\\src\\Illuminate\\Database\\Connection.php(705): Illuminate\\Database\\Connection->Illuminate\\Database\\{closure}('insert into `pu...', Array)
#2 C:\\Users\\rshaf_jv5mv1h\\OneDrive\\Dokumen\\Andes Test\\Pharmacy-management-system-laravel\\vendor\\laravel\\framework\\src\\Illuminate\\Database\\Connection.php(672): Illuminate\\Database\\Connection->runQueryCallback('insert into `pu...', Array, Object(Closure))
#3 C:\\Users\\rshaf_jv5mv1h\\OneDrive\\Dokumen\\Andes Test\\Pharmacy-management-system-laravel\\vendor\\laravel\\framework\\src\\Illuminate\\Database\\Connection.php(502): Illuminate\\Database\\Connection->run('insert into `pu...', Array, Object(Closure))
#4 C:\\Users\\rshaf_jv5mv1h\\OneDrive\\Dokumen\\Andes Test\\Pharmacy-management-system-laravel\\vendor\\laravel\\framework\\src\\Illuminate\\Database\\Connection.php(454): Illuminate\\Database\\Connection->statement('insert into `pu...', Array)
#5 C:\\Users\\rshaf_jv5mv1h\\OneDrive\\Dokumen\\Andes Test\\Pharmacy-management-system-laravel\\vendor\\laravel\\framework\\src\\Illuminate\\Database\\Query\\Processors\\Processor.php(32): Illuminate\\Database\\Connection->insert('insert into `pu...', Array)
#6 C:\\Users\\rshaf_jv5mv1h\\OneDrive\\Dokumen\\Andes Test\\Pharmacy-management-system-laravel\\vendor\\laravel\\framework\\src\\Illuminate\\Database\\Query\\Builder.php(3028): Illuminate\\Database\\Query\\Processors\\Processor->processInsertGetId(Object(Illuminate\\Database\\Query\\Builder), 'insert into `pu...', Array, 'id')
#7 C:\\Users\\rshaf_jv5mv1h\\OneDrive\\Dokumen\\Andes Test\\Pharmacy-management-system-laravel\\vendor\\laravel\\framework\\src\\Illuminate\\Database\\Eloquent\\Builder.php(1657): Illuminate\\Database\\Query\\Builder->insertGetId(Array, 'id')
#8 C:\\Users\\rshaf_jv5mv1h\\OneDrive\\Dokumen\\Andes Test\\Pharmacy-management-system-laravel\\vendor\\laravel\\framework\\src\\Illuminate\\Database\\Eloquent\\Model.php(1188): Illuminate\\Database\\Eloquent\\Builder->__call('insertGetId', Array)
#9 C:\\Users\\rshaf_jv5mv1h\\OneDrive\\Dokumen\\Andes Test\\Pharmacy-management-system-laravel\\vendor\\laravel\\framework\\src\\Illuminate\\Database\\Eloquent\\Model.php(1153): Illuminate\\Database\\Eloquent\\Model->insertAndSetId(Object(Illuminate\\Database\\Eloquent\\Builder), Array)
#10 C:\\Users\\rshaf_jv5mv1h\\OneDrive\\Dokumen\\Andes Test\\Pharmacy-management-system-laravel\\vendor\\laravel\\framework\\src\\Illuminate\\Database\\Eloquent\\Model.php(994): Illuminate\\Database\\Eloquent\\Model->performInsert(Object(Illuminate\\Database\\Eloquent\\Builder))
#11 C:\\Users\\rshaf_jv5mv1h\\OneDrive\\Dokumen\\Andes Test\\Pharmacy-management-system-laravel\\vendor\\laravel\\framework\\src\\Illuminate\\Database\\Eloquent\\Builder.php(896): Illuminate\\Database\\Eloquent\\Model->save()
#12 C:\\Users\\rshaf_jv5mv1h\\OneDrive\\Dokumen\\Andes Test\\Pharmacy-management-system-laravel\\vendor\\laravel\\framework\\src\\Illuminate\\Support\\helpers.php(263): Illuminate\\Database\\Eloquent\\Builder->Illuminate\\Database\\Eloquent\\{closure}(Object(App\\Models\\Purchase))
#13 C:\\Users\\rshaf_jv5mv1h\\OneDrive\\Dokumen\\Andes Test\\Pharmacy-management-system-laravel\\vendor\\laravel\\framework\\src\\Illuminate\\Database\\Eloquent\\Builder.php(897): tap(Object(App\\Models\\Purchase), Object(Closure))
#14 C:\\Users\\rshaf_jv5mv1h\\OneDrive\\Dokumen\\Andes Test\\Pharmacy-management-system-laravel\\vendor\\laravel\\framework\\src\\Illuminate\\Support\\Traits\\ForwardsCalls.php(23): Illuminate\\Database\\Eloquent\\Builder->create(Array)
#15 C:\\Users\\rshaf_jv5mv1h\\OneDrive\\Dokumen\\Andes Test\\Pharmacy-management-system-laravel\\vendor\\laravel\\framework\\src\\Illuminate\\Database\\Eloquent\\Model.php(2132): Illuminate\\Database\\Eloquent\\Model->forwardCallTo(Object(Illuminate\\Database\\Eloquent\\Builder), 'create', Array)
#16 C:\\Users\\rshaf_jv5mv1h\\OneDrive\\Dokumen\\Andes Test\\Pharmacy-management-system-laravel\\vendor\\laravel\\framework\\src\\Illuminate\\Database\\Eloquent\\Model.php(2144): Illuminate\\Database\\Eloquent\\Model->__call('create', Array)
#17 C:\\Users\\rshaf_jv5mv1h\\OneDrive\\Dokumen\\Andes Test\\Pharmacy-management-system-laravel\\app\\Http\\Controllers\\PurchaseController.php(70): Illuminate\\Database\\Eloquent\\Model::__callStatic('create', Array)
#18 C:\\Users\\rshaf_jv5mv1h\\OneDrive\\Dokumen\\Andes Test\\Pharmacy-management-system-laravel\\vendor\\laravel\\framework\\src\\Illuminate\\Routing\\Controller.php(54): App\\Http\\Controllers\\PurchaseController->store(Object(Illuminate\\Http\\Request))
#19 C:\\Users\\rshaf_jv5mv1h\\OneDrive\\Dokumen\\Andes Test\\Pharmacy-management-system-laravel\\vendor\\laravel\\framework\\src\\Illuminate\\Routing\\ControllerDispatcher.php(45): Illuminate\\Routing\\Controller->callAction('store', Array)
#20 C:\\Users\\rshaf_jv5mv1h\\OneDrive\\Dokumen\\Andes Test\\Pharmacy-management-system-laravel\\vendor\\laravel\\framework\\src\\Illuminate\\Routing\\Route.php(262): Illuminate\\Routing\\ControllerDispatcher->dispatch(Object(Illuminate\\Routing\\Route), Object(App\\Http\\Controllers\\PurchaseController), 'store')
#21 C:\\Users\\rshaf_jv5mv1h\\OneDrive\\Dokumen\\Andes Test\\Pharmacy-management-system-laravel\\vendor\\laravel\\framework\\src\\Illuminate\\Routing\\Route.php(205): Illuminate\\Routing\\Route->runController()
#22 C:\\Users\\rshaf_jv5mv1h\\OneDrive\\Dokumen\\Andes Test\\Pharmacy-management-system-laravel\\vendor\\laravel\\framework\\src\\Illuminate\\Routing\\Router.php(721): Illuminate\\Routing\\Route->run()
#23 C:\\Users\\rshaf_jv5mv1h\\OneDrive\\Dokumen\\Andes Test\\Pharmacy-management-system-laravel\\vendor\\laravel\\framework\\src\\Illuminate\\Pipeline\\Pipeline.php(128): Illuminate\\Routing\\Router->Illuminate\\Routing\\{closure}(Object(Illuminate\\Http\\Request))
#24 C:\\Users\\rshaf_jv5mv1h\\OneDrive\\Dokumen\\Andes Test\\Pharmacy-management-system-laravel\\vendor\\laravel\\framework\\src\\Illuminate\\Routing\\Middleware\\SubstituteBindings.php(50): Illuminate\\Pipeline\\Pipeline->Illuminate\\Pipeline\\{closure}(Object(Illuminate\\Http\\Request))
#25 C:\\Users\\rshaf_jv5mv1h\\OneDrive\\Dokumen\\Andes Test\\Pharmacy-management-system-laravel\\vendor\\laravel\\framework\\src\\Illuminate\\Pipeline\\Pipeline.php(167): Illuminate\\Routing\\Middleware\\SubstituteBindings->handle(Object(Illuminate\\Http\\Request), Object(Closure))
#26 C:\\Users\\rshaf_jv5mv1h\\OneDrive\\Dokumen\\Andes Test\\Pharmacy-management-system-laravel\\vendor\\laravel\\framework\\src\\Illuminate\\Auth\\Middleware\\Authenticate.php(44): Illuminate\\Pipeline\\Pipeline->Illuminate\\Pipeline\\{closure}(Object(Illuminate\\Http\\Request))
#27 C:\\Users\\rshaf_jv5mv1h\\OneDrive\\Dokumen\\Andes Test\\Pharmacy-management-system-laravel\\vendor\\laravel\\framework\\src\\Illuminate\\Pipeline\\Pipeline.php(167): Illuminate\\Auth\\Middleware\\Authenticate->handle(Object(Illuminate\\Http\\Request), Object(Closure))
#28 C:\\Users\\rshaf_jv5mv1h\\OneDrive\\Dokumen\\Andes Test\\Pharmacy-management-system-laravel\\vendor\\laravel\\framework\\src\\Illuminate\\Foundation\\Http\\Middleware\\VerifyCsrfToken.php(78): Illuminate\\Pipeline\\Pipeline->Illuminate\\Pipeline\\{closure}(Object(Illuminate\\Http\\Request))
#29 C:\\Users\\rshaf_jv5mv1h\\OneDrive\\Dokumen\\Andes Test\\Pharmacy-management-system-laravel\\vendor\\laravel\\framework\\src\\Illuminate\\Pipeline\\Pipeline.php(167): Illuminate\\Foundation\\Http\\Middleware\\VerifyCsrfToken->handle(Object(Illuminate\\Http\\Request), Object(Closure))
#30 C:\\Users\\rshaf_jv5mv1h\\OneDrive\\Dokumen\\Andes Test\\Pharmacy-management-system-laravel\\vendor\\laravel\\framework\\src\\Illuminate\\View\\Middleware\\ShareErrorsFromSession.php(49): Illuminate\\Pipeline\\Pipeline->Illuminate\\Pipeline\\{closure}(Object(Illuminate\\Http\\Request))
#31 C:\\Users\\rshaf_jv5mv1h\\OneDrive\\Dokumen\\Andes Test\\Pharmacy-management-system-laravel\\vendor\\laravel\\framework\\src\\Illuminate\\Pipeline\\Pipeline.php(167): Illuminate\\View\\Middleware\\ShareErrorsFromSession->handle(Object(Illuminate\\Http\\Request), Object(Closure))
#32 C:\\Users\\rshaf_jv5mv1h\\OneDrive\\Dokumen\\Andes Test\\Pharmacy-management-system-laravel\\vendor\\laravel\\framework\\src\\Illuminate\\Session\\Middleware\\StartSession.php(121): Illuminate\\Pipeline\\Pipeline->Illuminate\\Pipeline\\{closure}(Object(Illuminate\\Http\\Request))
#33 C:\\Users\\rshaf_jv5mv1h\\OneDrive\\Dokumen\\Andes Test\\Pharmacy-management-system-laravel\\vendor\\laravel\\framework\\src\\Illuminate\\Session\\Middleware\\StartSession.php(64): Illuminate\\Session\\Middleware\\StartSession->handleStatefulRequest(Object(Illuminate\\Http\\Request), Object(Illuminate\\Session\\Store), Object(Closure))
#34 C:\\Users\\rshaf_jv5mv1h\\OneDrive\\Dokumen\\Andes Test\\Pharmacy-management-system-laravel\\vendor\\laravel\\framework\\src\\Illuminate\\Pipeline\\Pipeline.php(167): Illuminate\\Session\\Middleware\\StartSession->handle(Object(Illuminate\\Http\\Request), Object(Closure))
#35 C:\\Users\\rshaf_jv5mv1h\\OneDrive\\Dokumen\\Andes Test\\Pharmacy-management-system-laravel\\vendor\\laravel\\framework\\src\\Illuminate\\Cookie\\Middleware\\AddQueuedCookiesToResponse.php(37): Illuminate\\Pipeline\\Pipeline->Illuminate\\Pipeline\\{closure}(Object(Illuminate\\Http\\Request))
#36 C:\\Users\\rshaf_jv5mv1h\\OneDrive\\Dokumen\\Andes Test\\Pharmacy-management-system-laravel\\vendor\\laravel\\framework\\src\\Illuminate\\Pipeline\\Pipeline.php(167): Illuminate\\Cookie\\Middleware\\AddQueuedCookiesToResponse->handle(Object(Illuminate\\Http\\Request), Object(Closure))
#37 C:\\Users\\rshaf_jv5mv1h\\OneDrive\\Dokumen\\Andes Test\\Pharmacy-management-system-laravel\\vendor\\laravel\\framework\\src\\Illuminate\\Cookie\\Middleware\\EncryptCookies.php(67): Illuminate\\Pipeline\\Pipeline->Illuminate\\Pipeline\\{closure}(Object(Illuminate\\Http\\Request))
#38 C:\\Users\\rshaf_jv5mv1h\\OneDrive\\Dokumen\\Andes Test\\Pharmacy-management-system-laravel\\vendor\\laravel\\framework\\src\\Illuminate\\Pipeline\\Pipeline.php(167): Illuminate\\Cookie\\Middleware\\EncryptCookies->handle(Object(Illuminate\\Http\\Request), Object(Closure))
#39 C:\\Users\\rshaf_jv5mv1h\\OneDrive\\Dokumen\\Andes Test\\Pharmacy-management-system-laravel\\vendor\\laravel\\framework\\src\\Illuminate\\Pipeline\\Pipeline.php(103): Illuminate\\Pipeline\\Pipeline->Illuminate\\Pipeline\\{closure}(Object(Illuminate\\Http\\Request))
#40 C:\\Users\\rshaf_jv5mv1h\\OneDrive\\Dokumen\\Andes Test\\Pharmacy-management-system-laravel\\vendor\\laravel\\framework\\src\\Illuminate\\Routing\\Router.php(723): Illuminate\\Pipeline\\Pipeline->then(Object(Closure))
#41 C:\\Users\\rshaf_jv5mv1h\\OneDrive\\Dokumen\\Andes Test\\Pharmacy-management-system-laravel\\vendor\\laravel\\framework\\src\\Illuminate\\Routing\\Router.php(698): Illuminate\\Routing\\Router->runRouteWithinStack(Object(Illuminate\\Routing\\Route), Object(Illuminate\\Http\\Request))
#42 C:\\Users\\rshaf_jv5mv1h\\OneDrive\\Dokumen\\Andes Test\\Pharmacy-management-system-laravel\\vendor\\laravel\\framework\\src\\Illuminate\\Routing\\Router.php(662): Illuminate\\Routing\\Router->runRoute(Object(Illuminate\\Http\\Request), Object(Illuminate\\Routing\\Route))
#43 C:\\Users\\rshaf_jv5mv1h\\OneDrive\\Dokumen\\Andes Test\\Pharmacy-management-system-laravel\\vendor\\laravel\\framework\\src\\Illuminate\\Routing\\Router.php(651): Illuminate\\Routing\\Router->dispatchToRoute(Object(Illuminate\\Http\\Request))
#44 C:\\Users\\rshaf_jv5mv1h\\OneDrive\\Dokumen\\Andes Test\\Pharmacy-management-system-laravel\\vendor\\laravel\\framework\\src\\Illuminate\\Foundation\\Http\\Kernel.php(167): Illuminate\\Routing\\Router->dispatch(Object(Illuminate\\Http\\Request))
#45 C:\\Users\\rshaf_jv5mv1h\\OneDrive\\Dokumen\\Andes Test\\Pharmacy-management-system-laravel\\vendor\\laravel\\framework\\src\\Illuminate\\Pipeline\\Pipeline.php(128): Illuminate\\Foundation\\Http\\Kernel->Illuminate\\Foundation\\Http\\{closure}(Object(Illuminate\\Http\\Request))
#46 C:\\Users\\rshaf_jv5mv1h\\OneDrive\\Dokumen\\Andes Test\\Pharmacy-management-system-laravel\\vendor\\barryvdh\\laravel-debugbar\\src\\Middleware\\InjectDebugbar.php(66): Illuminate\\Pipeline\\Pipeline->Illuminate\\Pipeline\\{closure}(Object(Illuminate\\Http\\Request))
#47 C:\\Users\\rshaf_jv5mv1h\\OneDrive\\Dokumen\\Andes Test\\Pharmacy-management-system-laravel\\vendor\\laravel\\framework\\src\\Illuminate\\Pipeline\\Pipeline.php(167): Barryvdh\\Debugbar\\Middleware\\InjectDebugbar->handle(Object(Illuminate\\Http\\Request), Object(Closure))
#48 C:\\Users\\rshaf_jv5mv1h\\OneDrive\\Dokumen\\Andes Test\\Pharmacy-management-system-laravel\\vendor\\laravel\\framework\\src\\Illuminate\\Foundation\\Http\\Middleware\\TransformsRequest.php(21): Illuminate\\Pipeline\\Pipeline->Illuminate\\Pipeline\\{closure}(Object(Illuminate\\Http\\Request))
#49 C:\\Users\\rshaf_jv5mv1h\\OneDrive\\Dokumen\\Andes Test\\Pharmacy-management-system-laravel\\vendor\\laravel\\framework\\src\\Illuminate\\Foundation\\Http\\Middleware\\ConvertEmptyStringsToNull.php(31): Illuminate\\Foundation\\Http\\Middleware\\TransformsRequest->handle(Object(Illuminate\\Http\\Request), Object(Closure))
#50 C:\\Users\\rshaf_jv5mv1h\\OneDrive\\Dokumen\\Andes Test\\Pharmacy-management-system-laravel\\vendor\\laravel\\framework\\src\\Illuminate\\Pipeline\\Pipeline.php(167): Illuminate\\Foundation\\Http\\Middleware\\ConvertEmptyStringsToNull->handle(Object(Illuminate\\Http\\Request), Object(Closure))
#51 C:\\Users\\rshaf_jv5mv1h\\OneDrive\\Dokumen\\Andes Test\\Pharmacy-management-system-laravel\\vendor\\laravel\\framework\\src\\Illuminate\\Foundation\\Http\\Middleware\\TransformsRequest.php(21): Illuminate\\Pipeline\\Pipeline->Illuminate\\Pipeline\\{closure}(Object(Illuminate\\Http\\Request))
#52 C:\\Users\\rshaf_jv5mv1h\\OneDrive\\Dokumen\\Andes Test\\Pharmacy-management-system-laravel\\vendor\\laravel\\framework\\src\\Illuminate\\Foundation\\Http\\Middleware\\TrimStrings.php(40): Illuminate\\Foundation\\Http\\Middleware\\TransformsRequest->handle(Object(Illuminate\\Http\\Request), Object(Closure))
#53 C:\\Users\\rshaf_jv5mv1h\\OneDrive\\Dokumen\\Andes Test\\Pharmacy-management-system-laravel\\vendor\\laravel\\framework\\src\\Illuminate\\Pipeline\\Pipeline.php(167): Illuminate\\Foundation\\Http\\Middleware\\TrimStrings->handle(Object(Illuminate\\Http\\Request), Object(Closure))
#54 C:\\Users\\rshaf_jv5mv1h\\OneDrive\\Dokumen\\Andes Test\\Pharmacy-management-system-laravel\\vendor\\laravel\\framework\\src\\Illuminate\\Foundation\\Http\\Middleware\\ValidatePostSize.php(27): Illuminate\\Pipeline\\Pipeline->Illuminate\\Pipeline\\{closure}(Object(Illuminate\\Http\\Request))
#55 C:\\Users\\rshaf_jv5mv1h\\OneDrive\\Dokumen\\Andes Test\\Pharmacy-management-system-laravel\\vendor\\laravel\\framework\\src\\Illuminate\\Pipeline\\Pipeline.php(167): Illuminate\\Foundation\\Http\\Middleware\\ValidatePostSize->handle(Object(Illuminate\\Http\\Request), Object(Closure))
#56 C:\\Users\\rshaf_jv5mv1h\\OneDrive\\Dokumen\\Andes Test\\Pharmacy-management-system-laravel\\vendor\\laravel\\framework\\src\\Illuminate\\Foundation\\Http\\Middleware\\PreventRequestsDuringMaintenance.php(86): Illuminate\\Pipeline\\Pipeline->Illuminate\\Pipeline\\{closure}(Object(Illuminate\\Http\\Request))
#57 C:\\Users\\rshaf_jv5mv1h\\OneDrive\\Dokumen\\Andes Test\\Pharmacy-management-system-laravel\\vendor\\laravel\\framework\\src\\Illuminate\\Pipeline\\Pipeline.php(167): Illuminate\\Foundation\\Http\\Middleware\\PreventRequestsDuringMaintenance->handle(Object(Illuminate\\Http\\Request), Object(Closure))
#58 C:\\Users\\rshaf_jv5mv1h\\OneDrive\\Dokumen\\Andes Test\\Pharmacy-management-system-laravel\\vendor\\fruitcake\\laravel-cors\\src\\HandleCors.php(38): Illuminate\\Pipeline\\Pipeline->Illuminate\\Pipeline\\{closure}(Object(Illuminate\\Http\\Request))
#59 C:\\Users\\rshaf_jv5mv1h\\OneDrive\\Dokumen\\Andes Test\\Pharmacy-management-system-laravel\\vendor\\laravel\\framework\\src\\Illuminate\\Pipeline\\Pipeline.php(167): Fruitcake\\Cors\\HandleCors->handle(Object(Illuminate\\Http\\Request), Object(Closure))
#60 C:\\Users\\rshaf_jv5mv1h\\OneDrive\\Dokumen\\Andes Test\\Pharmacy-management-system-laravel\\vendor\\fideloper\\proxy\\src\\TrustProxies.php(57): Illuminate\\Pipeline\\Pipeline->Illuminate\\Pipeline\\{closure}(Object(Illuminate\\Http\\Request))
#61 C:\\Users\\rshaf_jv5mv1h\\OneDrive\\Dokumen\\Andes Test\\Pharmacy-management-system-laravel\\vendor\\laravel\\framework\\src\\Illuminate\\Pipeline\\Pipeline.php(167): Fideloper\\Proxy\\TrustProxies->handle(Object(Illuminate\\Http\\Request), Object(Closure))
#62 C:\\Users\\rshaf_jv5mv1h\\OneDrive\\Dokumen\\Andes Test\\Pharmacy-management-system-laravel\\vendor\\laravel\\framework\\src\\Illuminate\\Pipeline\\Pipeline.php(103): Illuminate\\Pipeline\\Pipeline->Illuminate\\Pipeline\\{closure}(Object(Illuminate\\Http\\Request))
#63 C:\\Users\\rshaf_jv5mv1h\\OneDrive\\Dokumen\\Andes Test\\Pharmacy-management-system-laravel\\vendor\\laravel\\framework\\src\\Illuminate\\Foundation\\Http\\Kernel.php(142): Illuminate\\Pipeline\\Pipeline->then(Object(Closure))
#64 C:\\Users\\rshaf_jv5mv1h\\OneDrive\\Dokumen\\Andes Test\\Pharmacy-management-system-laravel\\vendor\\laravel\\framework\\src\\Illuminate\\Foundation\\Http\\Kernel.php(111): Illuminate\\Foundation\\Http\\Kernel->sendRequestThroughRouter(Object(Illuminate\\Http\\Request))
#65 C:\\Users\\rshaf_jv5mv1h\\OneDrive\\Dokumen\\Andes Test\\Pharmacy-management-system-laravel\\public\\index.php(52): Illuminate\\Foundation\\Http\\Kernel->handle(Object(Illuminate\\Http\\Request))
#66 C:\\Users\\rshaf_jv5mv1h\\OneDrive\\Dokumen\\Andes Test\\Pharmacy-management-system-laravel\\server.php(21): require_once('C:\\\\Users\\\\rshaf_...')
#67 {main}
"} 
